# JRE version: Java(TM) SE Runtime Environment (8.0_111-b14) (build 1.8.0_111-b14)
# Java VM: Java HotSpot(TM) 64-Bit Server VM (25.111-b14 mixed mode linux-amd64 compressed oops)
Heap:
 PSYoungGen      total 68096K, used 7112K [0x000000076e200000, 0x0000000772a80000, 0x00000007c0000000)
  eden space 61952K, 2% used [0x000000076e200000,0x000000076e366350,0x0000000771e80000)
  from space 6144K, 92% used [0x0000000772000000,0x000000077258bfb0,0x0000000772600000)
  to   space 4608K, 0% used [0x0000000772600000,0x0000000772600000,0x0000000772a80000)
 ParOldGen       total 167936K, used 48K [0x00000006ca600000, 0x00000006d4a00000, 0x000000076e200000)
  object space 167936K, 0% used [0x00000006ca600000,0x00000006ca60c000,0x00000006d4a00000)
 Metaspace       used 11519K, capacity 12016K, committed 12160K, reserved 1060864K
  class space    used 1474K, capacity 1639K, committed 1664K, reserved 1048576K
GC Heap History (10 events):
Event: 21.075 GC heap before
{Heap before GC invocations=1 (full 0):
 PSYoungGen      total 73728K, used 63488K [0x000000076e200000, 0x0000000773400000, 0x00000007c0000000)
  eden space 63488K, 100% used [0x000000076e200000,0x0000000772000000,0x0000000772000000)
  from space 10240K, 0% used [0x0000000772a00000,0x0000000772a00000,0x0000000773400000)
  to   space 10240K, 0% used [0x0000000772000000,0x0000000772000000,0x0000000772a00000)
 ParOldGen       total 167936K, used 0K [0x00000006ca600000, 0x00000006d4a00000, 0x000000076e200000)
  object space 167936K, 0% used [0x00000006ca600000,0x00000006ca600000,0x00000006d4a00000)
 Metaspace       used 11459K, capacity 11952K, committed 12160K, reserved 1060864K
  class space    used 1474K, capacity 1639K, committed 1664K, reserved 1048576K
Event: 21.080 GC heap after
Heap after GC invocations=1 (full 0):
 PSYoungGen      total 73728K, used 5791K [0x000000076e200000, 0x0000000773400000, 0x00000007c0000000)
  eden space 63488K, 0% used [0x000000076e200000,0x000000076e200000,0x0000000772000000)
  from space 10240K, 56% used [0x0000000772000000,0x00000007725a7fc0,0x0000000772a00000)
  to   space 10240K, 0% used [0x0000000772a00000,0x0000000772a00000,0x0000000773400000)
 ParOldGen       total 167936K, used 16K [0x00000006ca600000, 0x00000006d4a00000, 0x000000076e200000)
  object space 167936K, 0% used [0x00000006ca600000,0x00000006ca604000,0x00000006d4a00000)
 Metaspace       used 11459K, capacity 11952K, committed 12160K, reserved 1060864K
  class space    used 1474K, capacity 1639K, committed 1664K, reserved 1048576K
}
Event: 56.556 GC heap before
{Heap before GC invocations=2 (full 0):
 PSYoungGen      total 73728K, used 69279K [0x000000076e200000, 0x0000000773400000, 0x00000007c0000000)
  eden space 63488K, 100% used [0x000000076e200000,0x0000000772000000,0x0000000772000000)
  from space 10240K, 56% used [0x0000000772000000,0x00000007725a7fc0,0x0000000772a00000)
  to   space 10240K, 0% used [0x0000000772a00000,0x0000000772a00000,0x0000000773400000)
 ParOldGen       total 167936K, used 16K [0x00000006ca600000, 0x00000006d4a00000, 0x000000076e200000)
  object space 167936K, 0% used [0x00000006ca600000,0x00000006ca604000,0x00000006d4a00000)
 Metaspace       used 11519K, capacity 12016K, committed 12160K, reserved 1060864K
  class space    used 1474K, capacity 1639K, committed 1664K, reserved 1048576K
Event: 56.562 GC heap after
Heap after GC invocations=2 (full 0):
 PSYoungGen      total 73728K, used 5663K [0x000000076e200000, 0x0000000773400000, 0x00000007c0000000)
  eden space 63488K, 0% used [0x000000076e200000,0x000000076e200000,0x0000000772000000)
  from space 10240K, 55% used [0x0000000772a00000,0x0000000772f87fc0,0x0000000773400000)
  to   space 10240K, 0% used [0x0000000772000000,0x0000000772000000,0x0000000772a00000)
 ParOldGen       total 167936K, used 24K [0x00000006ca600000, 0x00000006d4a00000, 0x000000076e200000)
  object space 167936K, 0% used [0x00000006ca600000,0x00000006ca606000,0x00000006d4a00000)
 Metaspace       used 11519K, capacity 12016K, committed 12160K, reserved 1060864K
  class space    used 1474K, capacity 1639K, committed 1664K, reserved 1048576K
}
Event: 86.420 GC heap before
{Heap before GC invocations=3 (full 0):
 PSYoungGen      total 73728K, used 69151K [0x000000076e200000, 0x0000000773400000, 0x00000007c0000000)
  eden space 63488K, 100% used [0x000000076e200000,0x0000000772000000,0x0000000772000000)
  from space 10240K, 55% used [0x0000000772a00000,0x0000000772f87fc0,0x0000000773400000)
  to   space 10240K, 0% used [0x0000000772000000,0x0000000772000000,0x0000000772a00000)
 ParOldGen       total 167936K, used 24K [0x00000006ca600000, 0x00000006d4a00000, 0x000000076e200000)
  object space 167936K, 0% used [0x00000006ca600000,0x00000006ca606000,0x00000006d4a00000)
 Metaspace       used 11519K, capacity 12016K, committed 12160K, reserved 1060864K
  class space    used 1474K, capacity 1639K, committed 1664K, reserved 1048576K
Event: 86.426 GC heap after
Heap after GC invocations=3 (full 0):
 PSYoungGen      total 73728K, used 5631K [0x000000076e200000, 0x0000000773400000, 0x00000007c0000000)
  eden space 63488K, 0% used [0x000000076e200000,0x000000076e200000,0x0000000772000000)
  from space 10240K, 54% used [0x0000000772000000,0x000000077257ffc0,0x0000000772a00000)
  to   space 10240K, 0% used [0x0000000772a00000,0x0000000772a00000,0x0000000773400000)
 ParOldGen       total 167936K, used 32K [0x00000006ca600000, 0x00000006d4a00000, 0x000000076e200000)
  object space 167936K, 0% used [0x00000006ca600000,0x00000006ca608000,0x00000006d4a00000)
 Metaspace       used 11519K, capacity 12016K, committed 12160K, reserved 1060864K
  class space    used 1474K, capacity 1639K, committed 1664K, reserved 1048576K
}
Event: 119.658 GC heap before
{Heap before GC invocations=4 (full 0):
 PSYoungGen      total 73728K, used 69119K [0x000000076e200000, 0x0000000773400000, 0x00000007c0000000)
  eden space 63488K, 100% used [0x000000076e200000,0x0000000772000000,0x0000000772000000)
  from space 10240K, 54% used [0x0000000772000000,0x000000077257ffc0,0x0000000772a00000)
  to   space 10240K, 0% used [0x0000000772a00000,0x0000000772a00000,0x0000000773400000)
 ParOldGen       total 167936K, used 32K [0x00000006ca600000, 0x00000006d4a00000, 0x000000076e200000)
  object space 167936K, 0% used [0x00000006ca600000,0x00000006ca608000,0x00000006d4a00000)
 Metaspace       used 11519K, capacity 12016K, committed 12160K, reserved 1060864K
  class space    used 1474K, capacity 1639K, committed 1664K, reserved 1048576K
Event: 119.663 GC heap after
Heap after GC invocations=4 (full 0):
 PSYoungGen      total 73728K, used 5663K [0x000000076e200000, 0x0000000773400000, 0x00000007c0000000)
  eden space 63488K, 0% used [0x000000076e200000,0x000000076e200000,0x0000000772000000)
  from space 10240K, 55% used [0x0000000772a00000,0x0000000772f87fc0,0x0000000773400000)
  to   space 10240K, 0% used [0x0000000772000000,0x0000000772000000,0x0000000772a00000)
 ParOldGen       total 167936K, used 40K [0x00000006ca600000, 0x00000006d4a00000, 0x000000076e200000)
  object space 167936K, 0% used [0x00000006ca600000,0x00000006ca60a000,0x00000006d4a00000)
 Metaspace       used 11519K, capacity 12016K, committed 12160K, reserved 1060864K
  class space    used 1474K, capacity 1639K, committed 1664K, reserved 1048576K
}
Event: 153.370 GC heap before
{Heap before GC invocations=5 (full 0):
 PSYoungGen      total 73728K, used 69151K [0x000000076e200000, 0x0000000773400000, 0x00000007c0000000)
  eden space 63488K, 100% used [0x000000076e200000,0x0000000772000000,0x0000000772000000)
  from space 10240K, 55% used [0x0000000772a00000,0x0000000772f87fc0,0x0000000773400000)
  to   space 10240K, 0% used [0x0000000772000000,0x0000000772000000,0x0000000772a00000)
 ParOldGen       total 167936K, used 40K [0x00000006ca600000, 0x00000006d4a00000, 0x000000076e200000)
  object space 167936K, 0% used [0x00000006ca600000,0x00000006ca60a000,0x00000006d4a00000)
 Metaspace       used 11519K, capacity 12016K, committed 12160K, reserved 1060864K
  class space    used 1474K, capacity 1639K, committed 1664K, reserved 1048576K
Event: 153.376 GC heap after
Heap after GC invocations=5 (full 0):
 PSYoungGen      total 68096K, used 5679K [0x000000076e200000, 0x0000000772a80000, 0x00000007c0000000)
  eden space 61952K, 0% used [0x000000076e200000,0x000000076e200000,0x0000000771e80000)
  from space 6144K, 92% used [0x0000000772000000,0x000000077258bfb0,0x0000000772600000)
  to   space 4608K, 0% used [0x0000000772600000,0x0000000772600000,0x0000000772a80000)
 ParOldGen       total 167936K, used 48K [0x00000006ca600000, 0x00000006d4a00000, 0x000000076e200000)
  object space 167936K, 0% used [0x00000006ca600000,0x00000006ca60c000,0x00000006d4a00000)
 Metaspace       used 11519K, capacity 12016K, committed 12160K, reserved 1060864K
  class space    used 1474K, capacity 1639K, committed 1664K, reserved 1048576K
}

