# JRE version: Java(TM) SE Runtime Environment (8.0_111-b14) (build 1.8.0_111-b14)
# Java VM: Java HotSpot(TM) 64-Bit Server VM (25.111-b14 mixed mode linux-amd64 compressed oops)
Heap:
 PSYoungGen      total 68096K, used 7116K [0x000000076e200000, 0x0000000772a80000, 0x00000007c0000000)
  eden space 61952K, 2% used [0x000000076e200000,0x000000076e367268,0x0000000771e80000)
  from space 6144K, 92% used [0x0000000772000000,0x000000077258bfb0,0x0000000772600000)
  to   space 4608K, 0% used [0x0000000772600000,0x0000000772600000,0x0000000772a80000)
 ParOldGen       total 167936K, used 40K [0x00000006ca600000, 0x00000006d4a00000, 0x000000076e200000)
  object space 167936K, 0% used [0x00000006ca600000,0x00000006ca60a000,0x00000006d4a00000)
 Metaspace       used 11585K, capacity 12154K, committed 12416K, reserved 1060864K
  class space    used 1476K, capacity 1640K, committed 1664K, reserved 1048576K
GC Heap History (10 events):
Event: 17.159 GC heap before
{Heap before GC invocations=1 (full 0):
 PSYoungGen      total 73728K, used 63488K [0x000000076e200000, 0x0000000773400000, 0x00000007c0000000)
  eden space 63488K, 100% used [0x000000076e200000,0x0000000772000000,0x0000000772000000)
  from space 10240K, 0% used [0x0000000772a00000,0x0000000772a00000,0x0000000773400000)
  to   space 10240K, 0% used [0x0000000772000000,0x0000000772000000,0x0000000772a00000)
 ParOldGen       total 167936K, used 0K [0x00000006ca600000, 0x00000006d4a00000, 0x000000076e200000)
  object space 167936K, 0% used [0x00000006ca600000,0x00000006ca600000,0x00000006d4a00000)
 Metaspace       used 11560K, capacity 12090K, committed 12416K, reserved 1060864K
  class space    used 1476K, capacity 1640K, committed 1664K, reserved 1048576K
Event: 17.167 GC heap after
Heap after GC invocations=1 (full 0):
 PSYoungGen      total 73728K, used 5775K [0x000000076e200000, 0x0000000773400000, 0x00000007c0000000)
  eden space 63488K, 0% used [0x000000076e200000,0x000000076e200000,0x0000000772000000)
  from space 10240K, 56% used [0x0000000772000000,0x00000007725a3fb0,0x0000000772a00000)
  to   space 10240K, 0% used [0x0000000772a00000,0x0000000772a00000,0x0000000773400000)
 ParOldGen       total 167936K, used 16K [0x00000006ca600000, 0x00000006d4a00000, 0x000000076e200000)
  object space 167936K, 0% used [0x00000006ca600000,0x00000006ca604000,0x00000006d4a00000)
 Metaspace       used 11560K, capacity 12090K, committed 12416K, reserved 1060864K
  class space    used 1476K, capacity 1640K, committed 1664K, reserved 1048576K
}
Event: 39.311 GC heap before
{Heap before GC invocations=2 (full 0):
 PSYoungGen      total 73728K, used 69263K [0x000000076e200000, 0x0000000773400000, 0x00000007c0000000)
  eden space 63488K, 100% used [0x000000076e200000,0x0000000772000000,0x0000000772000000)
  from space 10240K, 56% used [0x0000000772000000,0x00000007725a3fb0,0x0000000772a00000)
  to   space 10240K, 0% used [0x0000000772a00000,0x0000000772a00000,0x0000000773400000)
 ParOldGen       total 167936K, used 16K [0x00000006ca600000, 0x00000006d4a00000, 0x000000076e200000)
  object space 167936K, 0% used [0x00000006ca600000,0x00000006ca604000,0x00000006d4a00000)
 Metaspace       used 11569K, capacity 12154K, committed 12416K, reserved 1060864K
  class space    used 1476K, capacity 1640K, committed 1664K, reserved 1048576K
Event: 39.318 GC heap after
Heap after GC invocations=2 (full 0):
 PSYoungGen      total 73728K, used 5711K [0x000000076e200000, 0x0000000773400000, 0x00000007c0000000)
  eden space 63488K, 0% used [0x000000076e200000,0x000000076e200000,0x0000000772000000)
  from space 10240K, 55% used [0x0000000772a00000,0x0000000772f93fd0,0x0000000773400000)
  to   space 10240K, 0% used [0x0000000772000000,0x0000000772000000,0x0000000772a00000)
 ParOldGen       total 167936K, used 24K [0x00000006ca600000, 0x00000006d4a00000, 0x000000076e200000)
  object space 167936K, 0% used [0x00000006ca600000,0x00000006ca606000,0x00000006d4a00000)
 Metaspace       used 11569K, capacity 12154K, committed 12416K, reserved 1060864K
  class space    used 1476K, capacity 1640K, committed 1664K, reserved 1048576K
}
Event: 63.216 GC heap before
{Heap before GC invocations=3 (full 0):
 PSYoungGen      total 73728K, used 69199K [0x000000076e200000, 0x0000000773400000, 0x00000007c0000000)
  eden space 63488K, 100% used [0x000000076e200000,0x0000000772000000,0x0000000772000000)
  from space 10240K, 55% used [0x0000000772a00000,0x0000000772f93fd0,0x0000000773400000)
  to   space 10240K, 0% used [0x0000000772000000,0x0000000772000000,0x0000000772a00000)
 ParOldGen       total 167936K, used 24K [0x00000006ca600000, 0x00000006d4a00000, 0x000000076e200000)
  object space 167936K, 0% used [0x00000006ca600000,0x00000006ca606000,0x00000006d4a00000)
 Metaspace       used 11575K, capacity 12154K, committed 12416K, reserved 1060864K
  class space    used 1476K, capacity 1640K, committed 1664K, reserved 1048576K
Event: 63.223 GC heap after
Heap after GC invocations=3 (full 0):
 PSYoungGen      total 73728K, used 5663K [0x000000076e200000, 0x0000000773400000, 0x00000007c0000000)
  eden space 63488K, 0% used [0x000000076e200000,0x000000076e200000,0x0000000772000000)
  from space 10240K, 55% used [0x0000000772000000,0x0000000772587fc0,0x0000000772a00000)
  to   space 10240K, 0% used [0x0000000772a00000,0x0000000772a00000,0x0000000773400000)
 ParOldGen       total 167936K, used 24K [0x00000006ca600000, 0x00000006d4a00000, 0x000000076e200000)
  object space 167936K, 0% used [0x00000006ca600000,0x00000006ca606000,0x00000006d4a00000)
 Metaspace       used 11575K, capacity 12154K, committed 12416K, reserved 1060864K
  class space    used 1476K, capacity 1640K, committed 1664K, reserved 1048576K
}
Event: 89.260 GC heap before
{Heap before GC invocations=4 (full 0):
 PSYoungGen      total 73728K, used 69151K [0x000000076e200000, 0x0000000773400000, 0x00000007c0000000)
  eden space 63488K, 100% used [0x000000076e200000,0x0000000772000000,0x0000000772000000)
  from space 10240K, 55% used [0x0000000772000000,0x0000000772587fc0,0x0000000772a00000)
  to   space 10240K, 0% used [0x0000000772a00000,0x0000000772a00000,0x0000000773400000)
 ParOldGen       total 167936K, used 24K [0x00000006ca600000, 0x00000006d4a00000, 0x000000076e200000)
  object space 167936K, 0% used [0x00000006ca600000,0x00000006ca606000,0x00000006d4a00000)
 Metaspace       used 11584K, capacity 12154K, committed 12416K, reserved 1060864K
  class space    used 1476K, capacity 1640K, committed 1664K, reserved 1048576K
Event: 89.267 GC heap after
Heap after GC invocations=4 (full 0):
 PSYoungGen      total 73728K, used 5727K [0x000000076e200000, 0x0000000773400000, 0x00000007c0000000)
  eden space 63488K, 0% used [0x000000076e200000,0x000000076e200000,0x0000000772000000)
  from space 10240K, 55% used [0x0000000772a00000,0x0000000772f97fc0,0x0000000773400000)
  to   space 10240K, 0% used [0x0000000772000000,0x0000000772000000,0x0000000772a00000)
 ParOldGen       total 167936K, used 32K [0x00000006ca600000, 0x00000006d4a00000, 0x000000076e200000)
  object space 167936K, 0% used [0x00000006ca600000,0x00000006ca608000,0x00000006d4a00000)
 Metaspace       used 11584K, capacity 12154K, committed 12416K, reserved 1060864K
  class space    used 1476K, capacity 1640K, committed 1664K, reserved 1048576K
}
Event: 111.738 GC heap before
{Heap before GC invocations=5 (full 0):
 PSYoungGen      total 73728K, used 69215K [0x000000076e200000, 0x0000000773400000, 0x00000007c0000000)
  eden space 63488K, 100% used [0x000000076e200000,0x0000000772000000,0x0000000772000000)
  from space 10240K, 55% used [0x0000000772a00000,0x0000000772f97fc0,0x0000000773400000)
  to   space 10240K, 0% used [0x0000000772000000,0x0000000772000000,0x0000000772a00000)
 ParOldGen       total 167936K, used 32K [0x00000006ca600000, 0x00000006d4a00000, 0x000000076e200000)
  object space 167936K, 0% used [0x00000006ca600000,0x00000006ca608000,0x00000006d4a00000)
 Metaspace       used 11585K, capacity 12154K, committed 12416K, reserved 1060864K
  class space    used 1476K, capacity 1640K, committed 1664K, reserved 1048576K
Event: 111.745 GC heap after
Heap after GC invocations=5 (full 0):
 PSYoungGen      total 68096K, used 5679K [0x000000076e200000, 0x0000000772a80000, 0x00000007c0000000)
  eden space 61952K, 0% used [0x000000076e200000,0x000000076e200000,0x0000000771e80000)
  from space 6144K, 92% used [0x0000000772000000,0x000000077258bfb0,0x0000000772600000)
  to   space 4608K, 0% used [0x0000000772600000,0x0000000772600000,0x0000000772a80000)
 ParOldGen       total 167936K, used 40K [0x00000006ca600000, 0x00000006d4a00000, 0x000000076e200000)
  object space 167936K, 0% used [0x00000006ca600000,0x00000006ca60a000,0x00000006d4a00000)
 Metaspace       used 11585K, capacity 12154K, committed 12416K, reserved 1060864K
  class space    used 1476K, capacity 1640K, committed 1664K, reserved 1048576K
}

